#
# A fatal error has been detected by the Java Runtime Environment:
#
#  EXCEPTION_ACCESS_VIOLATION (0xc0000005) at pc=0x000007fc2ec73cb3, pid=6108, tid=8496
#
# JRE version: 7.0_10-b18
# Java VM: Java HotSpot(TM) 64-Bit Server VM (23.6-b04 mixed mode windows-amd64 compressed oops)
# Problematic frame:
# C  [opencv_core245.dll+0x53cb3]  cv::Mat::MSize::operator[]+0x8a43
#
# Failed to write core dump. Minidumps are not enabled by default on client versions of Windows
#
# If you would like to submit a bug report, please visit:
#   http://bugreport.sun.com/bugreport/crash.jsp
# The crash happened outside the Java Virtual Machine in native code.
# See problematic frame for where to report the bug.
#

---------------  T H R E A D  ---------------

Current thread (0x00000000113ad800):  JavaThread "AWT-EventQueue-0" [_thread_in_native, id=8496, stack(0x00000000119d0000,0x0000000011ad0000)]

siginfo: ExceptionCode=0xc0000005, reading address 0x00000000118bd001

Registers:
RAX=0x0000000000009c3c, RBX=0x000000000004e200, RCX=0x0000000000000ce0, RDX=0x000000001639f360
RSP=0x0000000011acc6f0, RBP=0x0000000011acc840, RSI=0x0000000011accc20, RDI=0x0000000000009c40
R8 =0x0000000000000ce0, R9 =0x00000000118bc323, R10=0x0000000011acc770, R11=0x0000000016398c50
R12=0x0000000011accb00, R13=0x000007fc2ec76190, R14=0x0000000000000000, R15=0x0000000000000006
RIP=0x000007fc2ec73cb3, EFLAGS=0x0000000000010293

Top of Stack: (sp=0x0000000011acc6f0)
0x0000000011acc6f0:   0000000000000001 000007fc2ec761c1
0x0000000011acc700:   0000000000000006 000007fc2ec76190
0x0000000011acc710:   0000000011accb00 0000000000000001
0x0000000011acc720:   0000000011acc770 0000000000000006
0x0000000011acc730:   0000000011acc840 000007fc2ec79cbf
0x0000000011acc740:   0000000000000006 0000000011d02650
0x0000000011acc750:   ffffffffffffffff 000007fc4b455233
0x0000000011acc760:   0000000016398c50 000000000004e200
0x0000000011acc770:   0000000000009c40 0000000011acc788
0x0000000011acc780:   0000000100009c40 3ff0000000000000
0x0000000011acc790:   0000000000000000 0000000000000050
0x0000000011acc7a0:   00000000112ccf40 fffffffffffffffe
0x0000000011acc7b0:   0000000242ffc006 00009c4000000001
0x0000000011acc7c0:   0000000016398c50 0000000016742450
0x0000000011acc7d0:   00000000161c4050 0000000016742450
0x0000000011acc7e0:   0000000016742450 0000000000000000 

Instructions: (pc=0x000007fc2ec73cb3)
0x000007fc2ec73c93:   1c cd 00 00 00 00 4c 8d 49 03 0f 1f 00 41 ff 4a
0x000007fc2ec73ca3:   04 33 c9 45 33 c0 41 83 3a 04 78 65 49 8d 53 10
0x000007fc2ec73cb3:   43 0f b6 44 01 fe 83 c1 04 49 83 c0 04 48 83 c2
0x000007fc2ec73cc3:   20 66 0f 6e c8 43 0f b6 44 01 f9 f3 0f e6 c9 66 


Register to memory mapping:

RAX=0x0000000000009c3c is an unknown value
RBX=0x000000000004e200 is an unknown value
RCX=0x0000000000000ce0 is an unknown value
RDX=0x000000001639f360 is an unknown value
RSP=0x0000000011acc6f0 is pointing into the stack for thread: 0x00000000113ad800
RBP=0x0000000011acc840 is pointing into the stack for thread: 0x00000000113ad800
RSI=0x0000000011accc20 is pointing into the stack for thread: 0x00000000113ad800
RDI=0x0000000000009c40 is an unknown value
R8 =0x0000000000000ce0 is an unknown value
R9 =0x00000000118bc323 is an unknown value
R10=0x0000000011acc770 is pointing into the stack for thread: 0x00000000113ad800
R11=0x0000000016398c50 is an unknown value
R12=0x0000000011accb00 is pointing into the stack for thread: 0x00000000113ad800
R13=0x000007fc2ec76190 is an unknown value
R14=0x0000000000000000 is an unknown value
R15=0x0000000000000006 is an unknown value


Stack: [0x00000000119d0000,0x0000000011ad0000],  sp=0x0000000011acc6f0,  free space=1009k
Native frames: (J=compiled Java code, j=interpreted, Vv=VM code, C=native code)
C  [opencv_core245.dll+0x53cb3]  cv::Mat::MSize::operator[]+0x8a43

Java frames: (J=compiled Java code, j=interpreted, Vv=VM code)
j  com.googlecode.javacv.cpp.opencv_contrib$FaceRecognizer.train(Lcom/googlecode/javacv/cpp/opencv_core$MatVector;[I)V+0
j  viper.ui.user.OpenCVFaceRecognizer.isMatch()Z+244
j  viper.ui.user.FaceRecPanel$1.mouseClicked(Ljava/awt/event/MouseEvent;)V+289
j  java.awt.AWTEventMulticaster.mouseClicked(Ljava/awt/event/MouseEvent;)V+21
j  java.awt.Component.processMouseEvent(Ljava/awt/event/MouseEvent;)V+74
j  javax.swing.JComponent.processMouseEvent(Ljava/awt/event/MouseEvent;)V+23
j  java.awt.Component.processEvent(Ljava/awt/AWTEvent;)V+81
j  java.awt.Container.processEvent(Ljava/awt/AWTEvent;)V+18
j  java.awt.Component.dispatchEventImpl(Ljava/awt/AWTEvent;)V+581
j  java.awt.Container.dispatchEventImpl(Ljava/awt/AWTEvent;)V+42
j  java.awt.Component.dispatchEvent(Ljava/awt/AWTEvent;)V+2
j  java.awt.LightweightDispatcher.retargetMouseEvent(Ljava/awt/Component;ILjava/awt/event/MouseEvent;)V+327
j  java.awt.LightweightDispatcher.processMouseEvent(Ljava/awt/event/MouseEvent;)Z+157
j  java.awt.LightweightDispatcher.dispatchEvent(Ljava/awt/AWTEvent;)Z+50
j  java.awt.Container.dispatchEventImpl(Ljava/awt/AWTEvent;)V+12
j  java.awt.Window.dispatchEventImpl(Ljava/awt/AWTEvent;)V+19
j  java.awt.Component.dispatchEvent(Ljava/awt/AWTEvent;)V+2
j  java.awt.EventQueue.dispatchEventImpl(Ljava/awt/AWTEvent;Ljava/lang/Object;)V+41
j  java.awt.EventQueue.access$200(Ljava/awt/EventQueue;Ljava/awt/AWTEvent;Ljava/lang/Object;)V+3
j  java.awt.EventQueue$3.run()Ljava/lang/Void;+12
j  java.awt.EventQueue$3.run()Ljava/lang/Object;+1
v  ~StubRoutines::call_stub
j  java.security.AccessController.doPrivileged(Ljava/security/PrivilegedAction;Ljava/security/AccessControlContext;)Ljava/lang/Object;+0
j  java.security.ProtectionDomain$1.doIntersectionPrivilege(Ljava/security/PrivilegedAction;Ljava/security/AccessControlContext;Ljava/security/AccessControlContext;)Ljava/lang/Object;+28
j  java.security.ProtectionDomain$1.doIntersectionPrivilege(Ljava/security/PrivilegedAction;Ljava/security/AccessControlContext;)Ljava/lang/Object;+6
j  java.awt.EventQueue$4.run()Ljava/lang/Void;+11
j  java.awt.EventQueue$4.run()Ljava/lang/Object;+1
v  ~StubRoutines::call_stub
j  java.security.AccessController.doPrivileged(Ljava/security/PrivilegedAction;Ljava/security/AccessControlContext;)Ljava/lang/Object;+0
j  java.security.ProtectionDomain$1.doIntersectionPrivilege(Ljava/security/PrivilegedAction;Ljava/security/AccessControlContext;Ljava/security/AccessControlContext;)Ljava/lang/Object;+28
j  java.awt.EventQueue.dispatchEvent(Ljava/awt/AWTEvent;)V+73
j  java.awt.EventDispatchThread.pumpOneEventForFilters(I)V+245
j  java.awt.EventDispatchThread.pumpEventsForFilter(ILjava/awt/Conditional;Ljava/awt/EventFilter;)V+35
j  java.awt.EventDispatchThread.pumpEventsForHierarchy(ILjava/awt/Conditional;Ljava/awt/Component;)V+11
j  java.awt.EventDispatchThread.pumpEvents(ILjava/awt/Conditional;)V+4
j  java.awt.EventDispatchThread.pumpEvents(Ljava/awt/Conditional;)V+3
j  java.awt.EventDispatchThread.run()V+9
v  ~StubRoutines::call_stub

---------------  P R O C E S S  ---------------

Java Threads: ( => current thread )
  0x000000000de34800 JavaThread "Abandoned connection cleanup thread" daemon [_thread_blocked, id=7828, stack(0x0000000010bf0000,0x0000000010cf0000)]
  0x0000000011101000 JavaThread "D3D Screen Updater" daemon [_thread_blocked, id=6328, stack(0x0000000011dd0000,0x0000000011ed0000)]
  0x00000000020ce000 JavaThread "DestroyJavaVM" [_thread_blocked, id=8668, stack(0x00000000020d0000,0x00000000021d0000)]
=>0x00000000113ad800 JavaThread "AWT-EventQueue-0" [_thread_in_native, id=8496, stack(0x00000000119d0000,0x0000000011ad0000)]
  0x00000000113be000 JavaThread "TimerQueue" daemon [_thread_blocked, id=6844, stack(0x00000000118d0000,0x00000000119d0000)]
  0x000000000debb800 JavaThread "AWT-Windows" daemon [_thread_in_native, id=1956, stack(0x000000000e9a0000,0x000000000eaa0000)]
  0x000000000debb000 JavaThread "AWT-Shutdown" [_thread_blocked, id=9044, stack(0x000000000e8a0000,0x000000000e9a0000)]
  0x000000000deba000 JavaThread "Java2D Disposer" daemon [_thread_blocked, id=4388, stack(0x000000000e7a0000,0x000000000e8a0000)]
  0x000000000b75e000 JavaThread "Service Thread" daemon [_thread_blocked, id=8500, stack(0x000000000db70000,0x000000000dc70000)]
  0x000000000b74f000 JavaThread "C2 CompilerThread1" daemon [_thread_blocked, id=7252, stack(0x000000000da70000,0x000000000db70000)]
  0x000000000b74a000 JavaThread "C2 CompilerThread0" daemon [_thread_blocked, id=4332, stack(0x000000000d970000,0x000000000da70000)]
  0x000000000b748800 JavaThread "Attach Listener" daemon [_thread_blocked, id=8556, stack(0x000000000d870000,0x000000000d970000)]
  0x000000000b743800 JavaThread "Signal Dispatcher" daemon [_thread_blocked, id=4268, stack(0x000000000d770000,0x000000000d870000)]
  0x000000000b6de800 JavaThread "Finalizer" daemon [_thread_blocked, id=9168, stack(0x000000000d670000,0x000000000d770000)]
  0x000000000b6d7000 JavaThread "Reference Handler" daemon [_thread_blocked, id=4300, stack(0x000000000d570000,0x000000000d670000)]

Other Threads:
  0x000000000b6d1800 VMThread [stack: 0x000000000d470000,0x000000000d570000] [id=5352]
  0x000000000b768800 WatcherThread [stack: 0x000000000dc70000,0x000000000dd70000] [id=4448]

VM state:not at safepoint (normal execution)

VM Mutex/Monitor currently owned by a thread: None

Heap
 PSYoungGen      total 32768K, used 9703K [0x00000007d56b0000, 0x00000007d7f10000, 0x0000000800000000)
  eden space 26624K, 13% used [0x00000007d56b0000,0x00000007d5a39340,0x00000007d70b0000)
  from space 6144K, 99% used [0x00000007d7140000,0x00000007d7730cb0,0x00000007d7740000)
  to   space 7360K, 0% used [0x00000007d77e0000,0x00000007d77e0000,0x00000007d7f10000)
 ParOldGen       total 87232K, used 40632K [0x0000000780400000, 0x0000000785930000, 0x00000007d56b0000)
  object space 87232K, 46% used [0x0000000780400000,0x0000000782bae398,0x0000000785930000)
 PSPermGen       total 21248K, used 18725K [0x000000077b200000, 0x000000077c6c0000, 0x0000000780400000)
  object space 21248K, 88% used [0x000000077b200000,0x000000077c449438,0x000000077c6c0000)

Card table byte_map: [0x0000000005390000,0x00000000057c0000] byte_map_base: 0x00000000017b7000

Polling page: 0x00000000007e0000

Code Cache  [0x00000000022d0000, 0x0000000002540000, 0x00000000052d0000)
 total_blobs=792 nmethods=173 adapters=570 free_code_cache=48176Kb largest_free_block=49279424

Compilation events (10 events):
Event: 91.171 Thread 0x000000000b74a000  166   !         sun.misc.URLClassPath$JarLoader::getResource (91 bytes)
Event: 91.227 Thread 0x000000000b74a000 nmethod 166 0x00000000023bcc10 code [0x00000000023bcea0, 0x00000000023bdc08]
Event: 91.236 Thread 0x000000000b74f000  167             sun.misc.URLClassPath::getResource (74 bytes)
Event: 91.265 Thread 0x000000000b74f000 nmethod 167 0x00000000023c59d0 code [0x00000000023c5d00, 0x00000000023c6cb0]
Event: 91.312 Thread 0x000000000b74a000  168   !         java.util.zip.InflaterInputStream::read (138 bytes)
Event: 91.323 Thread 0x000000000b74a000 nmethod 168 0x00000000023c3a10 code [0x00000000023c3c00, 0x00000000023c4d50]
Event: 91.350 Thread 0x000000000b74f000  169             java.lang.String::indexOf (7 bytes)
Event: 91.351 Thread 0x000000000b74f000 nmethod 169 0x00000000023bb0d0 code [0x00000000023bb220, 0x00000000023bb2e8]
Event: 91.357 Thread 0x000000000b74a000  170   !         java.net.URL::<init> (543 bytes)
Event: 91.433 Thread 0x000000000b74a000 nmethod 170 0x00000000023cd950 code [0x00000000023cdc60, 0x00000000023cf480]

GC Heap History (10 events):
Event: 80.467 GC heap before
{Heap before GC invocations=9 (full 0):
 PSYoungGen      total 36224K, used 31924K [0x00000007d56b0000, 0x00000007d81c0000, 0x0000000800000000)
  eden space 29760K, 97% used [0x00000007d56b0000,0x00000007d730a0f8,0x00000007d73c0000)
  from space 6464K, 44% used [0x00000007d7b70000,0x00000007d7e43030,0x00000007d81c0000)
  to   space 7168K, 0% used [0x00000007d73c0000,0x00000007d73c0000,0x00000007d7ac0000)
 ParOldGen       total 87232K, used 40552K [0x0000000780400000, 0x0000000785930000, 0x00000007d56b0000)
  object space 87232K, 46% used [0x0000000780400000,0x0000000782b9a398,0x0000000785930000)
 PSPermGen       total 21248K, used 17060K [0x000000077b200000, 0x000000077c6c0000, 0x0000000780400000)
  object space 21248K, 80% used [0x000000077b200000,0x000000077c2a92b0,0x000000077c6c0000)
Event: 80.469 GC heap after
Heap after GC invocations=9 (full 0):
 PSYoungGen      total 32000K, used 2924K [0x00000007d56b0000, 0x00000007d8110000, 0x0000000800000000)
  eden space 29056K, 0% used [0x00000007d56b0000,0x00000007d56b0000,0x00000007d7310000)
  from space 2944K, 99% used [0x00000007d73c0000,0x00000007d769b030,0x00000007d76a0000)
  to   space 7168K, 0% used [0x00000007d7a10000,0x00000007d7a10000,0x00000007d8110000)
 ParOldGen       total 87232K, used 40560K [0x0000000780400000, 0x0000000785930000, 0x00000007d56b0000)
  object space 87232K, 46% used [0x0000000780400000,0x0000000782b9c398,0x0000000785930000)
 PSPermGen       total 21248K, used 17060K [0x000000077b200000, 0x000000077c6c0000, 0x0000000780400000)
  object space 21248K, 80% used [0x000000077b200000,0x000000077c2a92b0,0x000000077c6c0000)
}
Event: 83.363 GC heap before
{Heap before GC invocations=10 (full 0):
 PSYoungGen      total 32000K, used 31948K [0x00000007d56b0000, 0x00000007d8110000, 0x0000000800000000)
  eden space 29056K, 99% used [0x00000007d56b0000,0x00000007d7308390,0x00000007d7310000)
  from space 2944K, 99% used [0x00000007d73c0000,0x00000007d769b030,0x00000007d76a0000)
  to   space 7168K, 0% used [0x00000007d7a10000,0x00000007d7a10000,0x00000007d8110000)
 ParOldGen       total 87232K, used 40560K [0x0000000780400000, 0x0000000785930000, 0x00000007d56b0000)
  object space 87232K, 46% used [0x0000000780400000,0x0000000782b9c398,0x0000000785930000)
 PSPermGen       total 21248K, used 17063K [0x000000077b200000, 0x000000077c6c0000, 0x0000000780400000)
  object space 21248K, 80% used [0x000000077b200000,0x000000077c2a9c78,0x000000077c6c0000)
Event: 83.365 GC heap after
Heap after GC invocations=10 (full 0):
 PSYoungGen      total 34688K, used 2956K [0x00000007d56b0000, 0x00000007d8030000, 0x0000000800000000)
  eden space 28416K, 0% used [0x00000007d56b0000,0x00000007d56b0000,0x00000007d7270000)
  from space 6272K, 47% used [0x00000007d7a10000,0x00000007d7cf3030,0x00000007d8030000)
  to   space 7040K, 0% used [0x00000007d7270000,0x00000007d7270000,0x00000007d7950000)
 ParOldGen       total 87232K, used 40568K [0x0000000780400000, 0x0000000785930000, 0x00000007d56b0000)
  object space 87232K, 46% used [0x0000000780400000,0x0000000782b9e398,0x0000000785930000)
 PSPermGen       total 21248K, used 17063K [0x000000077b200000, 0x000000077c6c0000, 0x0000000780400000)
  object space 21248K, 80% used [0x000000077b200000,0x000000077c2a9c78,0x000000077c6c0000)
}
Event: 86.179 GC heap before
{Heap before GC invocations=11 (full 0):
 PSYoungGen      total 34688K, used 31068K [0x00000007d56b0000, 0x00000007d8030000, 0x0000000800000000)
  eden space 28416K, 98% used [0x00000007d56b0000,0x00000007d72242c0,0x00000007d7270000)
  from space 6272K, 47% used [0x00000007d7a10000,0x00000007d7cf3030,0x00000007d8030000)
  to   space 7040K, 0% used [0x00000007d7270000,0x00000007d7270000,0x00000007d7950000)
 ParOldGen       total 87232K, used 40568K [0x0000000780400000, 0x0000000785930000, 0x00000007d56b0000)
  object space 87232K, 46% used [0x0000000780400000,0x0000000782b9e398,0x0000000785930000)
 PSPermGen       total 21248K, used 17064K [0x000000077b200000, 0x000000077c6c0000, 0x0000000780400000)
  object space 21248K, 80% used [0x000000077b200000,0x000000077c2aa0c8,0x000000077c6c0000)
Event: 86.181 GC heap after
Heap after GC invocations=11 (full 0):
 PSYoungGen      total 30784K, used 2956K [0x00000007d56b0000, 0x00000007d7f50000, 0x0000000800000000)
  eden space 27776K, 0% used [0x00000007d56b0000,0x00000007d56b0000,0x00000007d71d0000)
  from space 3008K, 98% used [0x00000007d7270000,0x00000007d7553030,0x00000007d7560000)
  to   space 6912K, 0% used [0x00000007d7890000,0x00000007d7890000,0x00000007d7f50000)
 ParOldGen       total 87232K, used 40592K [0x0000000780400000, 0x0000000785930000, 0x00000007d56b0000)
  object space 87232K, 46% used [0x0000000780400000,0x0000000782ba4398,0x0000000785930000)
 PSPermGen       total 21248K, used 17064K [0x000000077b200000, 0x000000077c6c0000, 0x0000000780400000)
  object space 21248K, 80% used [0x000000077b200000,0x000000077c2aa0c8,0x000000077c6c0000)
}
Event: 88.899 GC heap before
{Heap before GC invocations=12 (full 0):
 PSYoungGen      total 30784K, used 30266K [0x00000007d56b0000, 0x00000007d7f50000, 0x0000000800000000)
  eden space 27776K, 98% used [0x00000007d56b0000,0x00000007d715ba98,0x00000007d71d0000)
  from space 3008K, 98% used [0x00000007d7270000,0x00000007d7553030,0x00000007d7560000)
  to   space 6912K, 0% used [0x00000007d7890000,0x00000007d7890000,0x00000007d7f50000)
 ParOldGen       total 87232K, used 40592K [0x0000000780400000, 0x0000000785930000, 0x00000007d56b0000)
  object space 87232K, 46% used [0x0000000780400000,0x0000000782ba4398,0x0000000785930000)
 PSPermGen       total 21248K, used 17069K [0x000000077b200000, 0x000000077c6c0000, 0x0000000780400000)
  object space 21248K, 80% used [0x000000077b200000,0x000000077c2ab6b8,0x000000077c6c0000)
Event: 88.901 GC heap after
Heap after GC invocations=12 (full 0):
 PSYoungGen      total 33408K, used 2924K [0x00000007d56b0000, 0x00000007d7ea0000, 0x0000000800000000)
  eden space 27200K, 0% used [0x00000007d56b0000,0x00000007d56b0000,0x00000007d7140000)
  from space 6208K, 47% used [0x00000007d7890000,0x00000007d7b6b030,0x00000007d7ea0000)
  to   space 6848K, 0% used [0x00000007d7140000,0x00000007d7140000,0x00000007d77f0000)
 ParOldGen       total 87232K, used 40624K [0x0000000780400000, 0x0000000785930000, 0x00000007d56b0000)
  object space 87232K, 46% used [0x0000000780400000,0x0000000782bac398,0x0000000785930000)
 PSPermGen       total 21248K, used 17069K [0x000000077b200000, 0x000000077c6c0000, 0x0000000780400000)
  object space 21248K, 80% used [0x000000077b200000,0x000000077c2ab6b8,0x000000077c6c0000)
}
Event: 91.046 GC heap before
{Heap before GC invocations=13 (full 0):
 PSYoungGen      total 33408K, used 30124K [0x00000007d56b0000, 0x00000007d7ea0000, 0x0000000800000000)
  eden space 27200K, 100% used [0x00000007d56b0000,0x00000007d7140000,0x00000007d7140000)
  from space 6208K, 47% used [0x00000007d7890000,0x00000007d7b6b030,0x00000007d7ea0000)
  to   space 6848K, 0% used [0x00000007d7140000,0x00000007d7140000,0x00000007d77f0000)
 ParOldGen       total 87232K, used 40624K [0x0000000780400000, 0x0000000785930000, 0x00000007d56b0000)
  object space 87232K, 46% used [0x0000000780400000,0x0000000782bac398,0x0000000785930000)
 PSPermGen       total 21248K, used 18012K [0x000000077b200000, 0x000000077c6c0000, 0x0000000780400000)
  object space 21248K, 84% used [0x000000077b200000,0x000000077c3973b0,0x000000077c6c0000)
Event: 91.048 GC heap after
Heap after GC invocations=13 (full 0):
 PSYoungGen      total 32768K, used 6083K [0x00000007d56b0000, 0x00000007d7f10000, 0x0000000800000000)
  eden space 26624K, 0% used [0x00000007d56b0000,0x00000007d56b0000,0x00000007d70b0000)
  from space 6144K, 99% used [0x00000007d7140000,0x00000007d7730cb0,0x00000007d7740000)
  to   space 7360K, 0% used [0x00000007d77e0000,0x00000007d77e0000,0x00000007d7f10000)
 ParOldGen       total 87232K, used 40632K [0x0000000780400000, 0x0000000785930000, 0x00000007d56b0000)
  object space 87232K, 46% used [0x0000000780400000,0x0000000782bae398,0x0000000785930000)
 PSPermGen       total 21248K, used 18012K [0x000000077b200000, 0x000000077c6c0000, 0x0000000780400000)
  object space 21248K, 84% used [0x000000077b200000,0x000000077c3973b0,0x000000077c6c0000)
}

Deoptimization events (10 events):
Event: 53.388 Thread 0x00000000113ad800 Uncommon trap -58 fr.pc 0x000000000236ba50
Event: 53.389 Thread 0x00000000113ad800 Uncommon trap -58 fr.pc 0x000000000236ba50
Event: 53.389 Thread 0x00000000113ad800 Uncommon trap -58 fr.pc 0x000000000236ba50
Event: 53.389 Thread 0x00000000113ad800 Uncommon trap -58 fr.pc 0x000000000236ba50
Event: 53.567 Thread 0x0000000011682800 Uncommon trap -83 fr.pc 0x0000000002387a40
Event: 53.603 Thread 0x0000000011682800 Uncommon trap -34 fr.pc 0x000000000238ecd4
Event: 53.603 Thread 0x0000000011682800 Uncommon trap -34 fr.pc 0x000000000238ecd4
Event: 53.603 Thread 0x0000000011682800 Uncommon trap -34 fr.pc 0x000000000238ecd4
Event: 53.603 Thread 0x0000000011682800 Uncommon trap -34 fr.pc 0x000000000238ecd4
Event: 90.877 Thread 0x00000000113ad800 Uncommon trap -83 fr.pc 0x00000000023ae6b4

Internal exceptions (10 events):
Event: 91.355 Thread 0x00000000113ad800 Threw 0x00000007d59e36c8 at C:\jdk7u2_64p\jdk7u10\hotspot\src\share\vm\prims\jvm.cpp:1166
Event: 91.355 Thread 0x00000000113ad800 Threw 0x00000007d59e95d8 at C:\jdk7u2_64p\jdk7u10\hotspot\src\share\vm\prims\jvm.cpp:1166
Event: 91.355 Thread 0x00000000113ad800 Threw 0x00000007d59eeb38 at C:\jdk7u2_64p\jdk7u10\hotspot\src\share\vm\prims\jvm.cpp:1166
Event: 91.356 Thread 0x00000000113ad800 Threw 0x00000007d59f3f40 at C:\jdk7u2_64p\jdk7u10\hotspot\src\share\vm\prims\jvm.cpp:1166
Event: 91.356 Thread 0x00000000113ad800 Threw 0x00000007d59f9260 at C:\jdk7u2_64p\jdk7u10\hotspot\src\share\vm\prims\jvm.cpp:1166
Event: 91.356 Thread 0x00000000113ad800 Threw 0x00000007d59feb08 at C:\jdk7u2_64p\jdk7u10\hotspot\src\share\vm\prims\jvm.cpp:1166
Event: 91.357 Thread 0x00000000113ad800 Threw 0x00000007d5a03cc0 at C:\jdk7u2_64p\jdk7u10\hotspot\src\share\vm\prims\jvm.cpp:1166
Event: 91.357 Thread 0x00000000113ad800 Threw 0x00000007d5a094b0 at C:\jdk7u2_64p\jdk7u10\hotspot\src\share\vm\prims\jvm.cpp:1166
Event: 91.358 Thread 0x00000000113ad800 Threw 0x00000007d5a0fd38 at C:\jdk7u2_64p\jdk7u10\hotspot\src\share\vm\prims\jvm.cpp:1166
Event: 91.360 Thread 0x00000000113ad800 Threw 0x00000007d5a23ce0 at C:\jdk7u2_64p\jdk7u10\hotspot\src\share\vm\prims\jvm.cpp:1166

Events (10 events):
Event: 91.356 loading class 0x0000000011298db0
Event: 91.356 loading class 0x0000000011298db0 done
Event: 91.357 loading class 0x000000000e0c28c0
Event: 91.357 loading class 0x000000000e0c28c0 done
Event: 91.357 loading class 0x0000000011298bd0
Event: 91.357 loading class 0x0000000011298bd0 done
Event: 91.358 loading class 0x000000000e0e7660
Event: 91.358 loading class 0x000000000e0e7660 done
Event: 91.360 loading class 0x000000000e0c2620
Event: 91.360 loading class 0x000000000e0c2620 done


Dynamic libraries:
0x000007f615f30000 - 0x000007f615f63000 	C:\Program Files\Java\jre7\bin\javaw.exe
0x000007fc4b440000 - 0x000007fc4b600000 	C:\Windows\SYSTEM32\ntdll.dll
0x000007fc4a9c0000 - 0x000007fc4aaf6000 	C:\Windows\system32\KERNEL32.DLL
0x000007fc48690000 - 0x000007fc48783000 	C:\Windows\system32\KERNELBASE.dll
0x000007fc4af80000 - 0x000007fc4b05e000 	C:\Windows\system32\ADVAPI32.dll
0x000007fc4ad00000 - 0x000007fc4ae4c000 	C:\Windows\system32\USER32.dll
0x000007fc458b0000 - 0x000007fc45b1a000 	C:\Windows\WinSxS\amd64_microsoft.windows.common-controls_6595b64144ccf1df_6.0.9200.16579_none_418ab7ef718b27ef\COMCTL32.dll
0x000007fc4a6a0000 - 0x000007fc4a745000 	C:\Windows\system32\msvcrt.dll
0x000007fc4acb0000 - 0x000007fc4acf8000 	C:\Windows\SYSTEM32\sechost.dll
0x000007fc49ea0000 - 0x000007fc49fe0000 	C:\Windows\system32\RPCRT4.dll
0x000007fc48a70000 - 0x000007fc48bb1000 	C:\Windows\system32\GDI32.dll
0x000007fc4b2e0000 - 0x000007fc4b319000 	C:\Windows\system32\IMM32.DLL
0x000007fc4b320000 - 0x000007fc4b435000 	C:\Windows\system32\MSCTF.dll
0x000000006d750000 - 0x000000006d821000 	C:\Program Files\Java\jre7\bin\msvcr100.dll
0x000000006d030000 - 0x000000006d74f000 	C:\Program Files\Java\jre7\bin\server\jvm.dll
0x000007fc42640000 - 0x000007fc42649000 	C:\Windows\SYSTEM32\WSOCK32.dll
0x000007fc41ef0000 - 0x000007fc41f10000 	C:\Windows\SYSTEM32\WINMM.dll
0x000007fc4b2d0000 - 0x000007fc4b2d7000 	C:\Windows\system32\PSAPI.DLL
0x000007fc4a440000 - 0x000007fc4a498000 	C:\Windows\system32\WS2_32.dll
0x000007fc41e60000 - 0x000007fc41e92000 	C:\Windows\SYSTEM32\WINMMBASE.dll
0x000007fc4af70000 - 0x000007fc4af79000 	C:\Windows\system32\NSI.dll
0x000000006d020000 - 0x000000006d02f000 	C:\Program Files\Java\jre7\bin\verify.dll
0x000000006cff0000 - 0x000000006d018000 	C:\Program Files\Java\jre7\bin\java.dll
0x000000006cfd0000 - 0x000000006cfe5000 	C:\Program Files\Java\jre7\bin\zip.dll
0x000000006c5f0000 - 0x000000006c783000 	C:\Program Files\Java\jre7\bin\awt.dll
0x000007fc4a8f0000 - 0x000007fc4a9b3000 	C:\Windows\system32\OLEAUT32.dll
0x000007fc4b0d0000 - 0x000007fc4b280000 	C:\Windows\system32\combase.dll
0x000007fc42580000 - 0x000007fc4261f000 	C:\Windows\system32\apphelp.dll
0x000007fc46520000 - 0x000007fc46541000 	C:\Windows\system32\DWMAPI.DLL
0x000007fc47190000 - 0x000007fc47276000 	C:\Windows\system32\uxtheme.dll
0x000007fc4a750000 - 0x000007fc4a8ce000 	C:\Windows\system32\ole32.dll
0x000007fc48140000 - 0x000007fc4814a000 	C:\Windows\SYSTEM32\CRYPTBASE.dll
0x000007fc480e0000 - 0x000007fc4813c000 	C:\Windows\SYSTEM32\bcryptPrimitives.dll
0x000007fc3acc0000 - 0x000007fc3aec0000 	C:\Windows\system32\d3d9.dll
0x000007fc456b0000 - 0x000007fc456b9000 	C:\Windows\SYSTEM32\VERSION.dll
0x000007fc456c0000 - 0x000007fc457db000 	C:\Windows\SYSTEM32\aticfx64.dll
0x000007fc41830000 - 0x000007fc4184f000 	C:\Windows\SYSTEM32\atiu9p64.dll
0x000007fc2ccf0000 - 0x000007fc2d387000 	C:\Windows\SYSTEM32\atiumd64.dll
0x000000006c790000 - 0x000000006cc15000 	C:\Windows\SYSTEM32\atiumd6a.dll
0x000007fc48bc0000 - 0x000007fc49ea0000 	C:\Windows\system32\SHELL32.dll
0x000007fc4b280000 - 0x000007fc4b2d0000 	C:\Windows\system32\SHLWAPI.dll
0x000007fc461d0000 - 0x000007fc46266000 	C:\Windows\SYSTEM32\shcore.dll
0x000000006c5b0000 - 0x000000006c5e4000 	C:\Program Files\Java\jre7\bin\fontmanager.dll
0x000000006cfb0000 - 0x000000006cfc9000 	C:\Program Files\Java\jre7\bin\net.dll
0x000007fc47b50000 - 0x000007fc47bac000 	C:\Windows\system32\mswsock.dll
0x000000006cf60000 - 0x000000006cf71000 	C:\Program Files\Java\jre7\bin\nio.dll
0x000007fc4a4a0000 - 0x000007fc4a536000 	C:\Windows\SYSTEM32\clbcatq.dll
0x000007fc46030000 - 0x000007fc461c3000 	C:\Windows\SYSTEM32\WindowsCodecs.dll
0x000007fc48300000 - 0x000007fc48315000 	C:\Windows\SYSTEM32\profapi.dll
0x000000006c560000 - 0x000000006c5a1000 	C:\Program Files\Java\jre7\bin\t2k.dll
0x000000006c530000 - 0x000000006c55a000 	C:\Program Files\Java\jre7\bin\dcpr.dll
0x000007fc47990000 - 0x000007fc47a28000 	C:\Windows\SYSTEM32\DNSAPI.dll
0x000000006cf80000 - 0x000000006cfa6000 	C:\Program Files\Bonjour\mdnsNSP.dll
0x000007fc45650000 - 0x000007fc4567a000 	C:\Windows\SYSTEM32\Iphlpapi.DLL
0x000007fc45640000 - 0x000007fc4564a000 	C:\Windows\SYSTEM32\WINNSI.DLL
0x000007fc3db70000 - 0x000007fc3db78000 	C:\Windows\System32\rasadhlp.dll
0x000007fc44c20000 - 0x000007fc44c7f000 	C:\Windows\System32\fwpuclnt.dll
0x000000006d940000 - 0x000000006d9d8000 	C:\Windows\System32\msvcp100.dll
0x000007fc2ec20000 - 0x000007fc2ee8b000 	C:\opencv\build\x64\vc10\bin\opencv_core245.dll
0x000007fc2df90000 - 0x000007fc2e026000 	C:\Users\Juliana\AppData\Local\Temp\javacpp130745412342344\jniopencv_core.dll
0x000007fc2e8d0000 - 0x000007fc2eb7a000 	C:\opencv\build\x64\vc10\bin\opencv_imgproc245.dll
0x000007fc2d770000 - 0x000007fc2d7bb000 	C:\Users\Juliana\AppData\Local\Temp\javacpp130745412342344\jniopencv_imgproc.dll
0x0000000066840000 - 0x00000000675ca000 	C:\opencv\build\x64\vc10\bin\opencv_ffmpeg245_64.dll
0x000007fc2e680000 - 0x000007fc2e8d0000 	C:\opencv\build\x64\vc10\bin\opencv_highgui245.dll
0x000007fc42680000 - 0x000007fc426a0000 	C:\Windows\SYSTEM32\AVIFIL32.dll
0x000007fc3d450000 - 0x000007fc3d479000 	C:\Windows\SYSTEM32\MSVFW32.dll
0x000007fc41ab0000 - 0x000007fc41ac7000 	C:\Windows\SYSTEM32\AVICAP32.dll
0x000007fc3f400000 - 0x000007fc3f419000 	C:\Windows\SYSTEM32\MSACM32.dll
0x000007fc3bec0000 - 0x000007fc3bed3000 	C:\Users\Juliana\AppData\Local\Temp\javacpp130745412342344\jniopencv_highgui.dll
0x000007fc3b7d0000 - 0x000007fc3b7e7000 	C:\Windows\System32\devenum.dll
0x000007fc4a270000 - 0x000007fc4a440000 	C:\Windows\system32\setupapi.dll
0x000007fc48640000 - 0x000007fc4868f000 	C:\Windows\system32\CFGMGR32.dll
0x000007fc48430000 - 0x000007fc48452000 	C:\Windows\system32\DEVOBJ.dll
0x000007fc46000000 - 0x000007fc4602e000 	C:\Windows\SYSTEM32\ntmarta.dll
0x000007fc483d0000 - 0x000007fc48425000 	C:\Windows\system32\WINTRUST.dll
0x000007fc48460000 - 0x000007fc48631000 	C:\Windows\system32\CRYPT32.dll
0x000007fc483b0000 - 0x000007fc483c6000 	C:\Windows\system32\MSASN1.dll
0x000007fc42670000 - 0x000007fc4267d000 	C:\Windows\SYSTEM32\msdmo.dll
0x000007fc3b450000 - 0x000007fc3b47f000 	C:\Windows\System32\qcap.dll
0x000007fc2e4c0000 - 0x000007fc2e678000 	C:\Windows\System32\quartz.dll
0x000007fc3b290000 - 0x000007fc3b2cf000 	C:\Windows\System32\ksproxy.ax
0x000007fc40410000 - 0x000007fc40417000 	C:\Windows\System32\ksuser.dll
0x000007fc3b640000 - 0x000007fc3b64c000 	C:\Windows\System32\vidcap.ax
0x000007fc38b50000 - 0x000007fc38b74000 	C:\Windows\System32\kswdmcap.ax
0x000007fc2e360000 - 0x000007fc2e4b4000 	C:\Windows\System32\MFC42.dll
0x000007fc2e2a0000 - 0x000007fc2e35e000 	C:\Windows\System32\ODBC32.dll
0x000007fc2e200000 - 0x000007fc2e295000 	C:\Windows\System32\qedit.dll
0x000007fc4aec0000 - 0x000007fc4af61000 	C:\Windows\system32\COMDLG32.dll
0x000007fc42020000 - 0x000007fc421c0000 	C:\Windows\WinSxS\amd64_microsoft.windows.gdiplus_6595b64144ccf1df_1.1.9200.16518_none_726fbfe0cc22f012\gdiplus.dll
0x000007fc39f80000 - 0x000007fc3a06a000 	C:\Windows\SYSTEM32\DDRAW.dll
0x000007fc39ee0000 - 0x000007fc39ee8000 	C:\Windows\SYSTEM32\DCIMAN32.dll
0x000000006c500000 - 0x000000006c530000 	C:\Program Files\Java\jre7\bin\jpeg.dll
0x000007fc3c030000 - 0x000007fc3c0ca000 	C:\opencv\build\x64\vc10\bin\opencv_flann245.dll
0x000007fc3d040000 - 0x000007fc3d058000 	C:\Users\Juliana\AppData\Local\Temp\javacpp130745412342344\jniopencv_flann.dll
0x000007fc2f020000 - 0x000007fc2f0fa000 	C:\opencv\build\x64\vc10\bin\opencv_features2d245.dll
0x000007fc3bfe0000 - 0x000007fc3c023000 	C:\Users\Juliana\AppData\Local\Temp\javacpp130745412342344\jniopencv_features2d.dll
0x000007fc2d440000 - 0x000007fc2d52e000 	C:\opencv\build\x64\vc10\bin\opencv_calib3d245.dll
0x000007fc3bfb0000 - 0x000007fc3bfd6000 	C:\Users\Juliana\AppData\Local\Temp\javacpp130745412342344\jniopencv_calib3d.dll
0x000007fc2c870000 - 0x000007fc2c93d000 	C:\opencv\build\x64\vc10\bin\opencv_objdetect245.dll
0x000007fc3bf60000 - 0x000007fc3bfa9000 	C:\Users\Juliana\AppData\Local\Temp\javacpp130745412342344\jniopencv_objdetect.dll
0x000007fc2d3c0000 - 0x000007fc2d432000 	C:\opencv\build\x64\vc10\bin\opencv_video245.dll
0x000007fc3d020000 - 0x000007fc3d03c000 	C:\Users\Juliana\AppData\Local\Temp\javacpp130745412342344\jniopencv_video.dll
0x000007fc2c760000 - 0x000007fc2c7f4000 	C:\opencv\build\x64\vc10\bin\opencv_ml245.dll
0x000007fc2d710000 - 0x000007fc2d767000 	C:\Users\Juliana\AppData\Local\Temp\javacpp130745412342344\jniopencv_ml.dll
0x000007fc2be20000 - 0x000007fc2bf6f000 	C:\opencv\build\x64\vc10\bin\opencv_contrib245.dll
0x000007fc2c700000 - 0x000007fc2c754000 	C:\Users\Juliana\AppData\Local\Temp\javacpp130745412342344\jniopencv_contrib.dll
0x000007fc402a0000 - 0x000007fc40403000 	C:\Windows\SYSTEM32\dbghelp.dll

VM Arguments:
jvm_args: -Dfile.encoding=Cp1252 
java_command: viper.ui.main.MainFrame C:\Users\Juliana\Desktop\gallery C:\Users\Juliana\Desktop\gallery\zach3.png
Launcher Type: SUN_STANDARD

Environment Variables:
CLASSPATH=.;C:\Program Files (x86)\Java\jre7\lib\ext\QTJava.zip;C:\ffmpeg\bin;C:\opencv\build\x64\vc10\bin
PATH=C:\Program Files (x86)\AMD APP\bin\x86_64;C:\Program Files (x86)\AMD APP\bin\x86;C:\Windows\system32;C:\Windows;C:\Windows\System32\Wbem;C:\Windows\System32\WindowsPowerShell\v1.0\;C:\Program Files\TortoiseGit\bin;C:\Program Files\Java\jre7\bin;C:\Program Files (x86)\ATI Technologies\ATI.ACE\Core-Static;C:\Program Files\Microsoft\Web Platform Installer\;C:\Program Files (x86)\Microsoft ASP.NET\ASP.NET Web Pages\v1.0\;C:\Program Files (x86)\Windows Kits\8.0\Windows Performance Toolkit\;C:\Program Files\Microsoft SQL Server\110\Tools\Binn\;C:\Program Files\Java\jdk1.7.0_10\bin;C:\Program Files (x86)\QuickTime\QTSystem\;C:\ffmpeg\bin;C:\opencv\build\x64\vc10\bin
USERNAME=Juliana
OS=Windows_NT
PROCESSOR_IDENTIFIER=Intel64 Family 6 Model 42 Stepping 7, GenuineIntel



---------------  S Y S T E M  ---------------

OS: Windows 8 , 64 bit Build 9200 

CPU:total 8 (4 cores per cpu, 2 threads per core) family 6 model 42 stepping 7, cmov, cx8, fxsr, mmx, sse, sse2, sse3, ssse3, sse4.1, sse4.2, popcnt, avx, ht, tsc, tscinvbit

Memory: 4k page, physical 8368716k(2526988k free), swap 9613900k(1553864k free)

vm_info: Java HotSpot(TM) 64-Bit Server VM (23.6-b04) for windows-amd64 JRE (1.7.0_10-b18), built on Nov 28 2012 05:00:40 by "java_re" with unknown MS VC++:1600

time: Mon Jun 24 11:40:15 2013
elapsed time: 91 seconds

